2017-01-28 04:32:49,966 INFO  [org.jboss.modules] (main) JBoss Modules version 1.5.1.Final
2017-01-28 04:32:50,220 INFO  [org.jboss.msc] (main) JBoss MSC version 1.2.6.Final
2017-01-28 04:32:50,322 INFO  [org.jboss.as] (MSC service thread 1-7) WFLYSRV0049: Keycloak 2.5.1.Final (WildFly Core 2.0.10.Final) starting
2017-01-28 04:32:50,325 DEBUG [org.jboss.as.config] (MSC service thread 1-7) Configured system properties:
	[Standalone] = 
	awt.toolkit = sun.awt.X11.XToolkit
	file.encoding = ANSI_X3.4-1968
	file.encoding.pkg = sun.io
	file.separator = /
	java.awt.graphicsenv = sun.awt.X11GraphicsEnvironment
	java.awt.headless = true
	java.awt.printerjob = sun.print.PSPrinterJob
	java.class.path = /opt/jboss/keycloak/jboss-modules.jar
	java.class.version = 52.0
	java.endorsed.dirs = /usr/lib/jvm/java-1.8.0-openjdk-1.8.0.111-2.b15.el7_3.x86_64/jre/lib/endorsed
	java.ext.dirs = /usr/lib/jvm/java-1.8.0-openjdk-1.8.0.111-2.b15.el7_3.x86_64/jre/lib/ext:/usr/java/packages/lib/ext
	java.home = /usr/lib/jvm/java-1.8.0-openjdk-1.8.0.111-2.b15.el7_3.x86_64/jre
	java.io.tmpdir = /tmp
	java.library.path = /usr/java/packages/lib/amd64:/usr/lib64:/lib64:/lib:/usr/lib
	java.net.preferIPv4Stack = true
	java.runtime.name = OpenJDK Runtime Environment
	java.runtime.version = 1.8.0_111-b15
	java.specification.name = Java Platform API Specification
	java.specification.vendor = Oracle Corporation
	java.specification.version = 1.8
	java.util.logging.manager = org.jboss.logmanager.LogManager
	java.vendor = Oracle Corporation
	java.vendor.url = http://java.oracle.com/
	java.vendor.url.bug = http://bugreport.sun.com/bugreport/
	java.version = 1.8.0_111
	java.vm.info = mixed mode
	java.vm.name = OpenJDK 64-Bit Server VM
	java.vm.specification.name = Java Virtual Machine Specification
	java.vm.specification.vendor = Oracle Corporation
	java.vm.specification.version = 1.8
	java.vm.vendor = Oracle Corporation
	java.vm.version = 25.111-b15
	javax.management.builder.initial = org.jboss.as.jmx.PluggableMBeanServerBuilder
	javax.xml.datatype.DatatypeFactory = __redirected.__DatatypeFactory
	javax.xml.parsers.DocumentBuilderFactory = __redirected.__DocumentBuilderFactory
	javax.xml.parsers.SAXParserFactory = __redirected.__SAXParserFactory
	javax.xml.stream.XMLEventFactory = __redirected.__XMLEventFactory
	javax.xml.stream.XMLInputFactory = __redirected.__XMLInputFactory
	javax.xml.stream.XMLOutputFactory = __redirected.__XMLOutputFactory
	javax.xml.transform.TransformerFactory = __redirected.__TransformerFactory
	javax.xml.validation.SchemaFactory:http://www.w3.org/2001/XMLSchema = __redirected.__SchemaFactory
	javax.xml.xpath.XPathFactory:http://java.sun.com/jaxp/xpath/dom = __redirected.__XPathFactory
	jboss.bind.address = 0.0.0.0
	jboss.home.dir = /opt/jboss/keycloak
	jboss.host.name = e2c579af1e58
	jboss.modules.dir = /opt/jboss/keycloak/modules
	jboss.modules.system.pkgs = org.jboss.byteman
	jboss.node.name = e2c579af1e58
	jboss.qualified.host.name = e2c579af1e58
	jboss.server.base.dir = /opt/jboss/keycloak/standalone
	jboss.server.config.dir = /opt/jboss/keycloak/standalone/configuration
	jboss.server.data.dir = /opt/jboss/keycloak/standalone/data
	jboss.server.deploy.dir = /opt/jboss/keycloak/standalone/data/content
	jboss.server.log.dir = /opt/jboss/keycloak/standalone/log
	jboss.server.name = e2c579af1e58
	jboss.server.persist.config = true
	jboss.server.temp.dir = /opt/jboss/keycloak/standalone/tmp
	line.separator = 

	logging.configuration = file:/opt/jboss/keycloak/standalone/configuration/logging.properties
	module.path = /opt/jboss/keycloak/modules
	org.jboss.boot.log.file = /opt/jboss/keycloak/standalone/log/server.log
	org.jboss.resolver.warning = true
	org.xml.sax.driver = __redirected.__XMLReaderFactory
	os.arch = amd64
	os.name = Linux
	os.version = 4.9.4-moby
	path.separator = :
	sun.arch.data.model = 64
	sun.boot.class.path = /usr/lib/jvm/java-1.8.0-openjdk-1.8.0.111-2.b15.el7_3.x86_64/jre/lib/resources.jar:/usr/lib/jvm/java-1.8.0-openjdk-1.8.0.111-2.b15.el7_3.x86_64/jre/lib/rt.jar:/usr/lib/jvm/java-1.8.0-openjdk-1.8.0.111-2.b15.el7_3.x86_64/jre/lib/sunrsasign.jar:/usr/lib/jvm/java-1.8.0-openjdk-1.8.0.111-2.b15.el7_3.x86_64/jre/lib/jsse.jar:/usr/lib/jvm/java-1.8.0-openjdk-1.8.0.111-2.b15.el7_3.x86_64/jre/lib/jce.jar:/usr/lib/jvm/java-1.8.0-openjdk-1.8.0.111-2.b15.el7_3.x86_64/jre/lib/charsets.jar:/usr/lib/jvm/java-1.8.0-openjdk-1.8.0.111-2.b15.el7_3.x86_64/jre/lib/jfr.jar:/usr/lib/jvm/java-1.8.0-openjdk-1.8.0.111-2.b15.el7_3.x86_64/jre/classes
	sun.boot.library.path = /usr/lib/jvm/java-1.8.0-openjdk-1.8.0.111-2.b15.el7_3.x86_64/jre/lib/amd64
	sun.cpu.endian = little
	sun.cpu.isalist = 
	sun.io.unicode.encoding = UnicodeLittle
	sun.java.command = /opt/jboss/keycloak/jboss-modules.jar -mp /opt/jboss/keycloak/modules org.jboss.as.standalone -Djboss.home.dir=/opt/jboss/keycloak -Djboss.server.base.dir=/opt/jboss/keycloak/standalone -b 0.0.0.0
	sun.java.launcher = SUN_STANDARD
	sun.jnu.encoding = ANSI_X3.4-1968
	sun.management.compiler = HotSpot 64-Bit Tiered Compilers
	sun.os.patch.level = unknown
	user.country = US
	user.dir = /opt/jboss
	user.home = /opt/jboss
	user.language = en
	user.name = jboss
	user.timezone = UTC
2017-01-28 04:32:50,326 DEBUG [org.jboss.as.config] (MSC service thread 1-7) VM Arguments: -D[Standalone] -Xms64m -Xmx512m -XX:MetaspaceSize=96M -XX:MaxMetaspaceSize=256m -Djava.net.preferIPv4Stack=true -Djboss.modules.system.pkgs=org.jboss.byteman -Djava.awt.headless=true -Dorg.jboss.boot.log.file=/opt/jboss/keycloak/standalone/log/server.log -Dlogging.configuration=file:/opt/jboss/keycloak/standalone/configuration/logging.properties 
2017-01-28 04:32:51,562 INFO  [org.jboss.as.server] (Controller Boot Thread) WFLYSRV0039: Creating http management service using socket-binding (management-http)
2017-01-28 04:32:51,585 INFO  [org.xnio] (MSC service thread 1-7) XNIO version 3.3.4.Final
2017-01-28 04:32:51,596 INFO  [org.xnio.nio] (MSC service thread 1-7) XNIO NIO Implementation Version 3.3.4.Final
2017-01-28 04:32:51,656 INFO  [org.wildfly.extension.io] (ServerService Thread Pool -- 31) WFLYIO001: Worker 'default' has auto-configured to 8 core threads with 64 task threads based on your 4 available processors
2017-01-28 04:32:51,678 INFO  [org.jboss.as.connector] (MSC service thread 1-2) WFLYJCA0009: Starting JCA Subsystem (WildFly/IronJacamar 1.3.2.Final)
2017-01-28 04:32:51,685 INFO  [org.jboss.as.clustering.infinispan] (ServerService Thread Pool -- 32) WFLYCLINF0001: Activating Infinispan subsystem.
2017-01-28 04:32:51,698 INFO  [org.jboss.as.connector.subsystems.datasources] (ServerService Thread Pool -- 28) WFLYJCA0004: Deploying JDBC-compliant driver class org.h2.Driver (version 1.3)
2017-01-28 04:32:51,703 INFO  [org.jboss.remoting] (MSC service thread 1-6) JBoss Remoting version 4.0.18.Final
2017-01-28 04:32:51,705 INFO  [org.jboss.as.connector.deployers.jdbc] (MSC service thread 1-7) WFLYJCA0018: Started Driver service with driver-name = h2
2017-01-28 04:32:51,775 WARN  [org.jboss.as.txn] (ServerService Thread Pool -- 45) WFLYTX0013: Node identifier property is set to the default value. Please make sure it is unique.
2017-01-28 04:32:51,796 INFO  [org.jboss.as.jsf] (ServerService Thread Pool -- 38) WFLYJSF0007: Activated the following JSF Implementations: [main]
2017-01-28 04:32:51,799 INFO  [org.jboss.as.naming] (ServerService Thread Pool -- 40) WFLYNAM0001: Activating Naming Subsystem
2017-01-28 04:32:51,801 INFO  [org.jboss.as.security] (ServerService Thread Pool -- 44) WFLYSEC0002: Activating Security Subsystem
2017-01-28 04:32:51,823 INFO  [org.jboss.as.security] (MSC service thread 1-6) WFLYSEC0001: Current PicketBox version=4.9.4.Final
2017-01-28 04:32:51,858 INFO  [org.wildfly.extension.undertow] (ServerService Thread Pool -- 46) WFLYUT0003: Undertow 1.3.15.Final starting
2017-01-28 04:32:51,859 INFO  [org.wildfly.extension.undertow] (MSC service thread 1-8) WFLYUT0003: Undertow 1.3.15.Final starting
2017-01-28 04:32:51,904 INFO  [org.jboss.as.mail.extension] (MSC service thread 1-7) WFLYMAIL0001: Bound mail session [java:jboss/mail/Default]
2017-01-28 04:32:51,910 INFO  [org.jboss.as.naming] (MSC service thread 1-8) WFLYNAM0003: Starting Naming Service
2017-01-28 04:32:52,026 INFO  [org.wildfly.extension.undertow] (ServerService Thread Pool -- 46) WFLYUT0014: Creating file handler for path '/opt/jboss/keycloak/welcome-content' with options [directory-listing: 'false', follow-symlink: 'false', case-sensitive: 'true', safe-symlink-paths: '[]']
2017-01-28 04:32:52,027 INFO  [org.jboss.as.ejb3] (MSC service thread 1-6) WFLYEJB0482: Strict pool mdb-strict-max-pool is using a max instance size of 16 (per class), which is derived from the number of CPUs on this host.
2017-01-28 04:32:52,028 INFO  [org.jboss.as.ejb3] (MSC service thread 1-8) WFLYEJB0481: Strict pool slsb-strict-max-pool is using a max instance size of 64 (per class), which is derived from thread worker pool sizing.
2017-01-28 04:32:52,048 INFO  [org.wildfly.extension.undertow] (MSC service thread 1-4) WFLYUT0012: Started server default-server.
2017-01-28 04:32:52,053 INFO  [org.wildfly.extension.undertow] (MSC service thread 1-1) WFLYUT0018: Host default-host starting
2017-01-28 04:32:52,166 INFO  [org.wildfly.extension.undertow] (MSC service thread 1-4) WFLYUT0006: Undertow HTTP listener default listening on 0.0.0.0:8080
2017-01-28 04:32:52,380 INFO  [org.jboss.as.connector.subsystems.datasources] (MSC service thread 1-1) WFLYJCA0001: Bound data source [java:jboss/datasources/ExampleDS]
2017-01-28 04:32:52,380 INFO  [org.jboss.as.connector.subsystems.datasources] (MSC service thread 1-8) WFLYJCA0001: Bound data source [java:jboss/datasources/KeycloakDS]
2017-01-28 04:32:52,590 INFO  [org.jboss.as.server.deployment] (MSC service thread 1-6) WFLYSRV0027: Starting deployment of "keycloak-server.war" (runtime-name: "keycloak-server.war")
2017-01-28 04:32:52,620 INFO  [org.jboss.as.server.deployment.scanner] (MSC service thread 1-1) WFLYDS0013: Started FileSystemDeploymentService for directory /opt/jboss/keycloak/standalone/deployments
2017-01-28 04:32:52,650 INFO  [org.infinispan.factories.GlobalComponentRegistry] (MSC service thread 1-8) ISPN000128: Infinispan version: Infinispan 'Mahou' 8.1.0.Final
2017-01-28 04:32:52,651 INFO  [org.infinispan.factories.GlobalComponentRegistry] (MSC service thread 1-3) ISPN000128: Infinispan version: Infinispan 'Mahou' 8.1.0.Final
2017-01-28 04:32:52,651 INFO  [org.infinispan.factories.GlobalComponentRegistry] (MSC service thread 1-4) ISPN000128: Infinispan version: Infinispan 'Mahou' 8.1.0.Final
2017-01-28 04:32:53,016 INFO  [org.jboss.as.clustering.infinispan] (ServerService Thread Pool -- 52) WFLYCLINF0002: Started offlineSessions cache from keycloak container
2017-01-28 04:32:53,017 INFO  [org.jboss.as.clustering.infinispan] (ServerService Thread Pool -- 51) WFLYCLINF0002: Started users cache from keycloak container
2017-01-28 04:32:53,020 INFO  [org.jboss.as.clustering.infinispan] (ServerService Thread Pool -- 56) WFLYCLINF0002: Started loginFailures cache from keycloak container
2017-01-28 04:32:53,020 INFO  [org.jboss.as.clustering.infinispan] (ServerService Thread Pool -- 49) WFLYCLINF0002: Started sessions cache from keycloak container
2017-01-28 04:32:53,019 INFO  [org.jboss.as.clustering.infinispan] (ServerService Thread Pool -- 54) WFLYCLINF0002: Started work cache from keycloak container
2017-01-28 04:32:53,018 INFO  [org.jboss.as.clustering.infinispan] (ServerService Thread Pool -- 50) WFLYCLINF0002: Started realms cache from keycloak container
2017-01-28 04:32:53,018 INFO  [org.jboss.as.clustering.infinispan] (ServerService Thread Pool -- 48) WFLYCLINF0002: Started authorization cache from keycloak container
2017-01-28 04:32:53,033 INFO  [org.jboss.as.clustering.infinispan] (ServerService Thread Pool -- 55) WFLYCLINF0002: Started keys cache from keycloak container
2017-01-28 04:32:54,017 INFO  [org.keycloak.services] (ServerService Thread Pool -- 51) KC-SERVICES0001: Loading config from standalone.xml or domain.xml
2017-01-28 04:32:55,076 INFO  [org.jboss.as.clustering.infinispan] (ServerService Thread Pool -- 51) WFLYCLINF0002: Started realmRevisions cache from keycloak container
2017-01-28 04:32:55,090 INFO  [org.jboss.as.clustering.infinispan] (ServerService Thread Pool -- 51) WFLYCLINF0002: Started userRevisions cache from keycloak container
2017-01-28 04:32:56,493 INFO  [org.keycloak.connections.jpa.updater.liquibase.LiquibaseJpaUpdaterProvider] (ServerService Thread Pool -- 51) Initializing database schema. Using changelog META-INF/jpa-changelog-master.xml
2017-01-28 04:32:58,157 INFO  [org.hibernate.jpa.internal.util.LogHelper] (ServerService Thread Pool -- 51) HHH000204: Processing PersistenceUnitInfo [
	name: keycloak-default
	...]
2017-01-28 04:32:58,224 INFO  [org.hibernate.Version] (ServerService Thread Pool -- 51) HHH000412: Hibernate Core {5.0.7.Final}
2017-01-28 04:32:58,226 INFO  [org.hibernate.cfg.Environment] (ServerService Thread Pool -- 51) HHH000206: hibernate.properties not found
2017-01-28 04:32:58,229 INFO  [org.hibernate.cfg.Environment] (ServerService Thread Pool -- 51) HHH000021: Bytecode provider name : javassist
2017-01-28 04:32:58,267 INFO  [org.hibernate.annotations.common.Version] (ServerService Thread Pool -- 51) HCANN000001: Hibernate Commons Annotations {5.0.1.Final}
2017-01-28 04:32:58,409 INFO  [org.hibernate.dialect.Dialect] (ServerService Thread Pool -- 51) HHH000400: Using dialect: org.hibernate.dialect.H2Dialect
2017-01-28 04:32:58,420 WARN  [org.hibernate.dialect.H2Dialect] (ServerService Thread Pool -- 51) HHH000431: Unable to determine H2 database version, certain features may not work
2017-01-28 04:32:58,458 INFO  [org.hibernate.envers.boot.internal.EnversServiceImpl] (ServerService Thread Pool -- 51) Envers integration enabled? : true
2017-01-28 04:32:58,990 INFO  [org.hibernate.validator.internal.util.Version] (ServerService Thread Pool -- 51) HV000001: Hibernate Validator 5.2.3.Final
2017-01-28 04:32:59,862 INFO  [org.hibernate.hql.internal.QueryTranslatorFactoryInitiator] (ServerService Thread Pool -- 51) HHH000397: Using ASTQueryTranslatorFactory
2017-01-28 04:33:00,949 INFO  [org.keycloak.services] (ServerService Thread Pool -- 51) KC-SERVICES0050: Initializing master realm
2017-01-28 04:33:02,326 INFO  [org.keycloak.services] (ServerService Thread Pool -- 51) KC-SERVICES0006: Importing users from '/opt/jboss/keycloak/standalone/configuration/keycloak-add-user.json'
2017-01-28 04:33:05,390 INFO  [org.keycloak.services] (ServerService Thread Pool -- 51) KC-SERVICES0009: Added user 'admin' to realm 'master'
2017-01-28 04:33:05,470 INFO  [org.jboss.resteasy.resteasy_jaxrs.i18n] (ServerService Thread Pool -- 51) RESTEASY002225: Deploying javax.ws.rs.core.Application: class org.keycloak.services.resources.KeycloakApplication
2017-01-28 04:33:05,474 INFO  [org.jboss.resteasy.resteasy_jaxrs.i18n] (ServerService Thread Pool -- 51) RESTEASY002200: Adding class resource org.keycloak.services.resources.JsResource from Application class org.keycloak.services.resources.KeycloakApplication
2017-01-28 04:33:05,475 INFO  [org.jboss.resteasy.resteasy_jaxrs.i18n] (ServerService Thread Pool -- 51) RESTEASY002205: Adding provider class org.keycloak.services.filters.KeycloakTransactionCommitter from Application class org.keycloak.services.resources.KeycloakApplication
2017-01-28 04:33:05,475 INFO  [org.jboss.resteasy.resteasy_jaxrs.i18n] (ServerService Thread Pool -- 51) RESTEASY002200: Adding class resource org.keycloak.services.resources.ThemeResource from Application class org.keycloak.services.resources.KeycloakApplication
2017-01-28 04:33:05,477 INFO  [org.jboss.resteasy.resteasy_jaxrs.i18n] (ServerService Thread Pool -- 51) RESTEASY002220: Adding singleton resource org.keycloak.services.resources.RobotsResource from Application class org.keycloak.services.resources.KeycloakApplication
2017-01-28 04:33:05,478 INFO  [org.jboss.resteasy.resteasy_jaxrs.i18n] (ServerService Thread Pool -- 51) RESTEASY002220: Adding singleton resource org.keycloak.services.resources.admin.AdminRoot from Application class org.keycloak.services.resources.KeycloakApplication
2017-01-28 04:33:05,478 INFO  [org.jboss.resteasy.resteasy_jaxrs.i18n] (ServerService Thread Pool -- 51) RESTEASY002210: Adding provider singleton org.keycloak.services.util.ObjectMapperResolver from Application class org.keycloak.services.resources.KeycloakApplication
2017-01-28 04:33:05,479 INFO  [org.jboss.resteasy.resteasy_jaxrs.i18n] (ServerService Thread Pool -- 51) RESTEASY002220: Adding singleton resource org.keycloak.services.resources.ServerVersionResource from Application class org.keycloak.services.resources.KeycloakApplication
2017-01-28 04:33:05,479 INFO  [org.jboss.resteasy.resteasy_jaxrs.i18n] (ServerService Thread Pool -- 51) RESTEASY002220: Adding singleton resource org.keycloak.services.resources.RealmsResource from Application class org.keycloak.services.resources.KeycloakApplication
2017-01-28 04:33:05,480 INFO  [org.jboss.resteasy.resteasy_jaxrs.i18n] (ServerService Thread Pool -- 51) RESTEASY002220: Adding singleton resource org.keycloak.services.resources.WelcomeResource from Application class org.keycloak.services.resources.KeycloakApplication
2017-01-28 04:33:05,570 INFO  [org.wildfly.extension.undertow] (ServerService Thread Pool -- 51) WFLYUT0021: Registered web context: /auth
2017-01-28 04:33:05,622 INFO  [org.jboss.as.server] (ServerService Thread Pool -- 47) WFLYSRV0010: Deployed "keycloak-server.war" (runtime-name : "keycloak-server.war")
2017-01-28 04:33:05,721 INFO  [org.jboss.as] (Controller Boot Thread) WFLYSRV0060: Http management interface listening on http://127.0.0.1:9990/management
2017-01-28 04:33:05,723 INFO  [org.jboss.as] (Controller Boot Thread) WFLYSRV0051: Admin console listening on http://127.0.0.1:9990
2017-01-28 04:33:05,724 INFO  [org.jboss.as] (Controller Boot Thread) WFLYSRV0025: Keycloak 2.5.1.Final (WildFly Core 2.0.10.Final) started in 16149ms - Started 426 of 800 services (542 services are lazy, passive or on-demand)
2017-01-29 03:09:30,428 WARN  [org.keycloak.events] (default task-30) type=REFRESH_TOKEN_ERROR, realmId=master, clientId=security-admin-console, userId=null, ipAddress=172.19.0.1, error=invalid_token, grant_type=refresh_token, client_auth_method=client-secret
2017-01-29 03:13:37,742 INFO  [org.jboss.as.server] (Thread-2) WFLYSRV0220: Server shutdown has been requested.
2017-01-29 03:13:37,780 INFO  [org.jboss.as.connector.subsystems.datasources] (MSC service thread 1-3) WFLYJCA0010: Unbound data source [java:jboss/datasources/KeycloakDS]
2017-01-29 03:13:37,807 INFO  [org.wildfly.extension.undertow] (ServerService Thread Pool -- 61) WFLYUT0022: Unregistered web context: /auth
2017-01-29 03:13:37,834 INFO  [org.wildfly.extension.undertow] (MSC service thread 1-4) WFLYUT0019: Host default-host stopping
2017-01-29 03:13:37,836 INFO  [org.jboss.as.connector.subsystems.datasources] (MSC service thread 1-6) WFLYJCA0010: Unbound data source [java:jboss/datasources/ExampleDS]
2017-01-29 03:13:37,840 INFO  [org.jboss.as.clustering.infinispan] (ServerService Thread Pool -- 60) WFLYCLINF0003: Stopped sessions cache from keycloak container
2017-01-29 03:13:37,840 INFO  [org.jboss.as.connector.deployers.jdbc] (MSC service thread 1-7) WFLYJCA0019: Stopped Driver service with driver-name = h2
2017-01-29 03:13:37,843 INFO  [org.jboss.as.clustering.infinispan] (ServerService Thread Pool -- 59) WFLYCLINF0003: Stopped users cache from keycloak container
2017-01-29 03:13:37,844 INFO  [org.jboss.as.clustering.infinispan] (ServerService Thread Pool -- 63) WFLYCLINF0003: Stopped work cache from keycloak container
2017-01-29 03:13:37,844 INFO  [org.jboss.as.clustering.infinispan] (ServerService Thread Pool -- 62) WFLYCLINF0003: Stopped offlineSessions cache from keycloak container
2017-01-29 03:13:37,846 INFO  [org.jboss.as.clustering.infinispan] (ServerService Thread Pool -- 61) WFLYCLINF0003: Stopped authorization cache from keycloak container
2017-01-29 03:13:37,847 INFO  [org.jboss.as.server.deployment] (MSC service thread 1-7) WFLYSRV0028: Stopped deployment keycloak-server.war (runtime-name: keycloak-server.war) in 88ms
2017-01-29 03:13:37,884 INFO  [org.wildfly.extension.undertow] (MSC service thread 1-3) WFLYUT0008: Undertow HTTP listener default suspending
2017-01-29 03:13:37,889 INFO  [org.jboss.as.clustering.infinispan] (ServerService Thread Pool -- 60) WFLYCLINF0003: Stopped realms cache from keycloak container
2017-01-29 03:13:37,884 INFO  [org.jboss.as.clustering.infinispan] (ServerService Thread Pool -- 65) WFLYCLINF0003: Stopped keys cache from keycloak container
2017-01-29 03:13:37,876 INFO  [org.jboss.as.clustering.infinispan] (ServerService Thread Pool -- 64) WFLYCLINF0003: Stopped loginFailures cache from keycloak container
2017-01-29 03:13:37,902 INFO  [org.wildfly.extension.undertow] (MSC service thread 1-3) WFLYUT0007: Undertow HTTP listener default stopped, was bound to 0.0.0.0:8080
2017-01-29 03:13:37,905 INFO  [org.wildfly.extension.undertow] (MSC service thread 1-3) WFLYUT0004: Undertow 1.3.15.Final stopping
2017-01-29 03:13:37,933 INFO  [org.jboss.as.clustering.infinispan] (MSC service thread 1-6) WFLYCLINF0003: Stopped realmRevisions cache from keycloak container
2017-01-29 03:13:37,937 INFO  [org.jboss.as.clustering.infinispan] (MSC service thread 1-6) WFLYCLINF0003: Stopped userRevisions cache from keycloak container
2017-01-29 03:13:37,949 INFO  [org.jboss.as] (MSC service thread 1-1) WFLYSRV0050: Keycloak 2.5.1.Final (WildFly Core 2.0.10.Final) stopped in 189ms
2017-01-29 03:14:17,453 INFO  [org.jboss.modules] (main) JBoss Modules version 1.5.1.Final
2017-01-29 03:14:17,805 INFO  [org.jboss.msc] (main) JBoss MSC version 1.2.6.Final
2017-01-29 03:14:17,925 INFO  [org.jboss.as] (MSC service thread 1-7) WFLYSRV0049: Keycloak 2.5.1.Final (WildFly Core 2.0.10.Final) starting
2017-01-29 03:14:17,927 DEBUG [org.jboss.as.config] (MSC service thread 1-7) Configured system properties:
	[Standalone] = 
	awt.toolkit = sun.awt.X11.XToolkit
	file.encoding = ANSI_X3.4-1968
	file.encoding.pkg = sun.io
	file.separator = /
	java.awt.graphicsenv = sun.awt.X11GraphicsEnvironment
	java.awt.headless = true
	java.awt.printerjob = sun.print.PSPrinterJob
	java.class.path = /opt/jboss/keycloak/jboss-modules.jar
	java.class.version = 52.0
	java.endorsed.dirs = /usr/lib/jvm/java-1.8.0-openjdk-1.8.0.111-2.b15.el7_3.x86_64/jre/lib/endorsed
	java.ext.dirs = /usr/lib/jvm/java-1.8.0-openjdk-1.8.0.111-2.b15.el7_3.x86_64/jre/lib/ext:/usr/java/packages/lib/ext
	java.home = /usr/lib/jvm/java-1.8.0-openjdk-1.8.0.111-2.b15.el7_3.x86_64/jre
	java.io.tmpdir = /tmp
	java.library.path = /usr/java/packages/lib/amd64:/usr/lib64:/lib64:/lib:/usr/lib
	java.net.preferIPv4Stack = true
	java.runtime.name = OpenJDK Runtime Environment
	java.runtime.version = 1.8.0_111-b15
	java.specification.name = Java Platform API Specification
	java.specification.vendor = Oracle Corporation
	java.specification.version = 1.8
	java.util.logging.manager = org.jboss.logmanager.LogManager
	java.vendor = Oracle Corporation
	java.vendor.url = http://java.oracle.com/
	java.vendor.url.bug = http://bugreport.sun.com/bugreport/
	java.version = 1.8.0_111
	java.vm.info = mixed mode
	java.vm.name = OpenJDK 64-Bit Server VM
	java.vm.specification.name = Java Virtual Machine Specification
	java.vm.specification.vendor = Oracle Corporation
	java.vm.specification.version = 1.8
	java.vm.vendor = Oracle Corporation
	java.vm.version = 25.111-b15
	javax.management.builder.initial = org.jboss.as.jmx.PluggableMBeanServerBuilder
	javax.xml.datatype.DatatypeFactory = __redirected.__DatatypeFactory
	javax.xml.parsers.DocumentBuilderFactory = __redirected.__DocumentBuilderFactory
	javax.xml.parsers.SAXParserFactory = __redirected.__SAXParserFactory
	javax.xml.stream.XMLEventFactory = __redirected.__XMLEventFactory
	javax.xml.stream.XMLInputFactory = __redirected.__XMLInputFactory
	javax.xml.stream.XMLOutputFactory = __redirected.__XMLOutputFactory
	javax.xml.transform.TransformerFactory = __redirected.__TransformerFactory
	javax.xml.validation.SchemaFactory:http://www.w3.org/2001/XMLSchema = __redirected.__SchemaFactory
	javax.xml.xpath.XPathFactory:http://java.sun.com/jaxp/xpath/dom = __redirected.__XPathFactory
	jboss.bind.address = 0.0.0.0
	jboss.home.dir = /opt/jboss/keycloak
	jboss.host.name = 24bc81a1a54e
	jboss.modules.dir = /opt/jboss/keycloak/modules
	jboss.modules.system.pkgs = org.jboss.byteman
	jboss.node.name = 24bc81a1a54e
	jboss.qualified.host.name = 24bc81a1a54e
	jboss.server.base.dir = /opt/jboss/keycloak/standalone
	jboss.server.config.dir = /opt/jboss/keycloak/standalone/configuration
	jboss.server.data.dir = /opt/jboss/keycloak/standalone/data
	jboss.server.deploy.dir = /opt/jboss/keycloak/standalone/data/content
	jboss.server.log.dir = /opt/jboss/keycloak/standalone/log
	jboss.server.name = 24bc81a1a54e
	jboss.server.persist.config = true
	jboss.server.temp.dir = /opt/jboss/keycloak/standalone/tmp
	line.separator = 

	logging.configuration = file:/opt/jboss/keycloak/standalone/configuration/logging.properties
	module.path = /opt/jboss/keycloak/modules
	org.jboss.boot.log.file = /opt/jboss/keycloak/standalone/log/server.log
	org.jboss.resolver.warning = true
	org.xml.sax.driver = __redirected.__XMLReaderFactory
	os.arch = amd64
	os.name = Linux
	os.version = 4.9.4-moby
	path.separator = :
	sun.arch.data.model = 64
	sun.boot.class.path = /usr/lib/jvm/java-1.8.0-openjdk-1.8.0.111-2.b15.el7_3.x86_64/jre/lib/resources.jar:/usr/lib/jvm/java-1.8.0-openjdk-1.8.0.111-2.b15.el7_3.x86_64/jre/lib/rt.jar:/usr/lib/jvm/java-1.8.0-openjdk-1.8.0.111-2.b15.el7_3.x86_64/jre/lib/sunrsasign.jar:/usr/lib/jvm/java-1.8.0-openjdk-1.8.0.111-2.b15.el7_3.x86_64/jre/lib/jsse.jar:/usr/lib/jvm/java-1.8.0-openjdk-1.8.0.111-2.b15.el7_3.x86_64/jre/lib/jce.jar:/usr/lib/jvm/java-1.8.0-openjdk-1.8.0.111-2.b15.el7_3.x86_64/jre/lib/charsets.jar:/usr/lib/jvm/java-1.8.0-openjdk-1.8.0.111-2.b15.el7_3.x86_64/jre/lib/jfr.jar:/usr/lib/jvm/java-1.8.0-openjdk-1.8.0.111-2.b15.el7_3.x86_64/jre/classes
	sun.boot.library.path = /usr/lib/jvm/java-1.8.0-openjdk-1.8.0.111-2.b15.el7_3.x86_64/jre/lib/amd64
	sun.cpu.endian = little
	sun.cpu.isalist = 
	sun.io.unicode.encoding = UnicodeLittle
	sun.java.command = /opt/jboss/keycloak/jboss-modules.jar -mp /opt/jboss/keycloak/modules org.jboss.as.standalone -Djboss.home.dir=/opt/jboss/keycloak -Djboss.server.base.dir=/opt/jboss/keycloak/standalone -b 0.0.0.0
	sun.java.launcher = SUN_STANDARD
	sun.jnu.encoding = ANSI_X3.4-1968
	sun.management.compiler = HotSpot 64-Bit Tiered Compilers
	sun.os.patch.level = unknown
	user.country = US
	user.dir = /opt/jboss
	user.home = /opt/jboss
	user.language = en
	user.name = jboss
	user.timezone = UTC
2017-01-29 03:14:17,929 DEBUG [org.jboss.as.config] (MSC service thread 1-7) VM Arguments: -D[Standalone] -Xms64m -Xmx512m -XX:MetaspaceSize=96M -XX:MaxMetaspaceSize=256m -Djava.net.preferIPv4Stack=true -Djboss.modules.system.pkgs=org.jboss.byteman -Djava.awt.headless=true -Dorg.jboss.boot.log.file=/opt/jboss/keycloak/standalone/log/server.log -Dlogging.configuration=file:/opt/jboss/keycloak/standalone/configuration/logging.properties 
2017-01-29 03:14:19,647 INFO  [org.jboss.as.server] (Controller Boot Thread) WFLYSRV0039: Creating http management service using socket-binding (management-http)
2017-01-29 03:14:19,675 INFO  [org.xnio] (MSC service thread 1-2) XNIO version 3.3.4.Final
2017-01-29 03:14:19,689 INFO  [org.xnio.nio] (MSC service thread 1-2) XNIO NIO Implementation Version 3.3.4.Final
2017-01-29 03:14:19,747 INFO  [org.jboss.remoting] (MSC service thread 1-2) JBoss Remoting version 4.0.18.Final
2017-01-29 03:14:19,775 INFO  [org.jboss.as.clustering.infinispan] (ServerService Thread Pool -- 32) WFLYCLINF0001: Activating Infinispan subsystem.
2017-01-29 03:14:19,779 INFO  [org.wildfly.extension.io] (ServerService Thread Pool -- 31) WFLYIO001: Worker 'default' has auto-configured to 8 core threads with 64 task threads based on your 4 available processors
2017-01-29 03:14:19,794 WARN  [org.jboss.as.txn] (ServerService Thread Pool -- 45) WFLYTX0013: Node identifier property is set to the default value. Please make sure it is unique.
2017-01-29 03:14:19,803 INFO  [org.jboss.as.jsf] (ServerService Thread Pool -- 38) WFLYJSF0007: Activated the following JSF Implementations: [main]
2017-01-29 03:14:19,824 INFO  [org.jboss.as.naming] (ServerService Thread Pool -- 40) WFLYNAM0001: Activating Naming Subsystem
2017-01-29 03:14:19,828 INFO  [org.jboss.as.connector] (MSC service thread 1-4) WFLYJCA0009: Starting JCA Subsystem (WildFly/IronJacamar 1.3.2.Final)
2017-01-29 03:14:19,865 INFO  [org.jboss.as.security] (ServerService Thread Pool -- 44) WFLYSEC0002: Activating Security Subsystem
2017-01-29 03:14:20,009 INFO  [org.jboss.as.connector.subsystems.datasources] (ServerService Thread Pool -- 28) WFLYJCA0004: Deploying JDBC-compliant driver class org.h2.Driver (version 1.3)
2017-01-29 03:14:20,018 INFO  [org.jboss.as.security] (MSC service thread 1-8) WFLYSEC0001: Current PicketBox version=4.9.4.Final
2017-01-29 03:14:20,039 INFO  [org.jboss.as.naming] (MSC service thread 1-3) WFLYNAM0003: Starting Naming Service
2017-01-29 03:14:20,040 INFO  [org.jboss.as.mail.extension] (MSC service thread 1-7) WFLYMAIL0001: Bound mail session [java:jboss/mail/Default]
2017-01-29 03:14:20,047 INFO  [org.jboss.as.connector.deployers.jdbc] (MSC service thread 1-2) WFLYJCA0018: Started Driver service with driver-name = h2
2017-01-29 03:14:20,086 INFO  [org.wildfly.extension.undertow] (MSC service thread 1-4) WFLYUT0003: Undertow 1.3.15.Final starting
2017-01-29 03:14:20,086 INFO  [org.wildfly.extension.undertow] (ServerService Thread Pool -- 46) WFLYUT0003: Undertow 1.3.15.Final starting
2017-01-29 03:14:20,229 INFO  [org.wildfly.extension.undertow] (MSC service thread 1-7) WFLYUT0012: Started server default-server.
2017-01-29 03:14:20,237 INFO  [org.wildfly.extension.undertow] (MSC service thread 1-3) WFLYUT0018: Host default-host starting
2017-01-29 03:14:20,237 INFO  [org.wildfly.extension.undertow] (ServerService Thread Pool -- 46) WFLYUT0014: Creating file handler for path '/opt/jboss/keycloak/welcome-content' with options [directory-listing: 'false', follow-symlink: 'false', case-sensitive: 'true', safe-symlink-paths: '[]']
2017-01-29 03:14:20,344 INFO  [org.jboss.as.ejb3] (MSC service thread 1-7) WFLYEJB0481: Strict pool slsb-strict-max-pool is using a max instance size of 64 (per class), which is derived from thread worker pool sizing.
2017-01-29 03:14:20,344 INFO  [org.jboss.as.ejb3] (MSC service thread 1-3) WFLYEJB0482: Strict pool mdb-strict-max-pool is using a max instance size of 16 (per class), which is derived from the number of CPUs on this host.
2017-01-29 03:14:20,394 INFO  [org.wildfly.extension.undertow] (MSC service thread 1-8) WFLYUT0006: Undertow HTTP listener default listening on 0.0.0.0:8080
2017-01-29 03:14:20,638 INFO  [org.jboss.as.connector.subsystems.datasources] (MSC service thread 1-3) WFLYJCA0001: Bound data source [java:jboss/datasources/ExampleDS]
2017-01-29 03:14:20,642 INFO  [org.jboss.as.connector.subsystems.datasources] (MSC service thread 1-1) WFLYJCA0001: Bound data source [java:jboss/datasources/KeycloakDS]
2017-01-29 03:14:20,875 INFO  [org.jboss.as.server.deployment] (MSC service thread 1-2) WFLYSRV0027: Starting deployment of "keycloak-server.war" (runtime-name: "keycloak-server.war")
2017-01-29 03:14:20,891 INFO  [org.jboss.as.server.deployment.scanner] (MSC service thread 1-1) WFLYDS0013: Started FileSystemDeploymentService for directory /opt/jboss/keycloak/standalone/deployments
2017-01-29 03:14:21,015 INFO  [org.infinispan.factories.GlobalComponentRegistry] (MSC service thread 1-4) ISPN000128: Infinispan version: Infinispan 'Mahou' 8.1.0.Final
2017-01-29 03:14:21,452 INFO  [org.jboss.as.clustering.infinispan] (ServerService Thread Pool -- 48) WFLYCLINF0002: Started offlineSessions cache from keycloak container
2017-01-29 03:14:21,452 INFO  [org.jboss.as.clustering.infinispan] (ServerService Thread Pool -- 54) WFLYCLINF0002: Started work cache from keycloak container
2017-01-29 03:14:21,452 INFO  [org.jboss.as.clustering.infinispan] (ServerService Thread Pool -- 49) WFLYCLINF0002: Started authorization cache from keycloak container
2017-01-29 03:14:21,452 INFO  [org.jboss.as.clustering.infinispan] (ServerService Thread Pool -- 56) WFLYCLINF0002: Started keys cache from keycloak container
2017-01-29 03:14:21,459 INFO  [org.jboss.as.clustering.infinispan] (ServerService Thread Pool -- 53) WFLYCLINF0002: Started loginFailures cache from keycloak container
2017-01-29 03:14:21,460 INFO  [org.jboss.as.clustering.infinispan] (ServerService Thread Pool -- 52) WFLYCLINF0002: Started sessions cache from keycloak container
2017-01-29 03:14:21,462 INFO  [org.jboss.as.clustering.infinispan] (ServerService Thread Pool -- 50) WFLYCLINF0002: Started realms cache from keycloak container
2017-01-29 03:14:21,465 INFO  [org.jboss.as.clustering.infinispan] (ServerService Thread Pool -- 51) WFLYCLINF0002: Started users cache from keycloak container
2017-01-29 03:14:22,386 INFO  [org.keycloak.services] (ServerService Thread Pool -- 51) KC-SERVICES0001: Loading config from standalone.xml or domain.xml
2017-01-29 03:14:23,529 INFO  [org.jboss.as.clustering.infinispan] (ServerService Thread Pool -- 51) WFLYCLINF0002: Started realmRevisions cache from keycloak container
2017-01-29 03:14:23,538 INFO  [org.jboss.as.clustering.infinispan] (ServerService Thread Pool -- 51) WFLYCLINF0002: Started userRevisions cache from keycloak container
2017-01-29 03:14:24,925 INFO  [org.hibernate.jpa.internal.util.LogHelper] (ServerService Thread Pool -- 51) HHH000204: Processing PersistenceUnitInfo [
	name: keycloak-default
	...]
2017-01-29 03:14:24,985 INFO  [org.hibernate.Version] (ServerService Thread Pool -- 51) HHH000412: Hibernate Core {5.0.7.Final}
2017-01-29 03:14:24,987 INFO  [org.hibernate.cfg.Environment] (ServerService Thread Pool -- 51) HHH000206: hibernate.properties not found
2017-01-29 03:14:24,989 INFO  [org.hibernate.cfg.Environment] (ServerService Thread Pool -- 51) HHH000021: Bytecode provider name : javassist
2017-01-29 03:14:25,031 INFO  [org.hibernate.annotations.common.Version] (ServerService Thread Pool -- 51) HCANN000001: Hibernate Commons Annotations {5.0.1.Final}
2017-01-29 03:14:25,177 INFO  [org.hibernate.dialect.Dialect] (ServerService Thread Pool -- 51) HHH000400: Using dialect: org.hibernate.dialect.H2Dialect
2017-01-29 03:14:25,184 WARN  [org.hibernate.dialect.H2Dialect] (ServerService Thread Pool -- 51) HHH000431: Unable to determine H2 database version, certain features may not work
2017-01-29 03:14:25,220 INFO  [org.hibernate.envers.boot.internal.EnversServiceImpl] (ServerService Thread Pool -- 51) Envers integration enabled? : true
2017-01-29 03:14:25,797 INFO  [org.hibernate.validator.internal.util.Version] (ServerService Thread Pool -- 51) HV000001: Hibernate Validator 5.2.3.Final
2017-01-29 03:14:26,441 INFO  [org.hibernate.hql.internal.QueryTranslatorFactoryInitiator] (ServerService Thread Pool -- 51) HHH000397: Using ASTQueryTranslatorFactory
2017-01-29 03:14:30,914 INFO  [org.keycloak.services] (ServerService Thread Pool -- 51) KC-SERVICES0006: Importing users from '/opt/jboss/keycloak/standalone/configuration/keycloak-add-user.json'
2017-01-29 03:14:31,106 WARN  [org.hibernate.engine.jdbc.spi.SqlExceptionHelper] (ServerService Thread Pool -- 51) SQL Error: 23505, SQLState: 23505
2017-01-29 03:14:31,106 ERROR [org.hibernate.engine.jdbc.spi.SqlExceptionHelper] (ServerService Thread Pool -- 51) Unique index or primary key violation: "UK_RU8TT6T700S9V50BU18WS5HA6_INDEX_F ON PUBLIC.USER_ENTITY(REALM_ID, USERNAME) VALUES ( /* key:2 */ null, null, null, null, null, null, null, null, 'master', 'admin', null, null)"; SQL statement:
insert into USER_ENTITY (CREATED_TIMESTAMP, EMAIL, EMAIL_CONSTRAINT, EMAIL_VERIFIED, ENABLED, FEDERATION_LINK, FIRST_NAME, LAST_NAME, REALM_ID, SERVICE_ACCOUNT_CLIENT_LINK, USERNAME, ID) values (?, ?, ?, ?, ?, ?, ?, ?, ?, ?, ?, ?) [23505-173]
2017-01-29 03:14:31,110 INFO  [org.hibernate.engine.jdbc.batch.internal.AbstractBatchImpl] (ServerService Thread Pool -- 51) HHH000010: On release of batch it still contained JDBC statements
2017-01-29 03:14:31,116 ERROR [org.keycloak.services] (ServerService Thread Pool -- 51) KC-SERVICES0010: Failed to add user 'admin' to realm 'master': user with username exists
2017-01-29 03:14:31,198 INFO  [org.jboss.resteasy.resteasy_jaxrs.i18n] (ServerService Thread Pool -- 51) RESTEASY002225: Deploying javax.ws.rs.core.Application: class org.keycloak.services.resources.KeycloakApplication
2017-01-29 03:14:31,200 INFO  [org.jboss.resteasy.resteasy_jaxrs.i18n] (ServerService Thread Pool -- 51) RESTEASY002205: Adding provider class org.keycloak.services.filters.KeycloakTransactionCommitter from Application class org.keycloak.services.resources.KeycloakApplication
2017-01-29 03:14:31,201 INFO  [org.jboss.resteasy.resteasy_jaxrs.i18n] (ServerService Thread Pool -- 51) RESTEASY002200: Adding class resource org.keycloak.services.resources.ThemeResource from Application class org.keycloak.services.resources.KeycloakApplication
2017-01-29 03:14:31,202 INFO  [org.jboss.resteasy.resteasy_jaxrs.i18n] (ServerService Thread Pool -- 51) RESTEASY002200: Adding class resource org.keycloak.services.resources.JsResource from Application class org.keycloak.services.resources.KeycloakApplication
2017-01-29 03:14:31,203 INFO  [org.jboss.resteasy.resteasy_jaxrs.i18n] (ServerService Thread Pool -- 51) RESTEASY002220: Adding singleton resource org.keycloak.services.resources.RealmsResource from Application class org.keycloak.services.resources.KeycloakApplication
2017-01-29 03:14:31,203 INFO  [org.jboss.resteasy.resteasy_jaxrs.i18n] (ServerService Thread Pool -- 51) RESTEASY002220: Adding singleton resource org.keycloak.services.resources.RobotsResource from Application class org.keycloak.services.resources.KeycloakApplication
2017-01-29 03:14:31,204 INFO  [org.jboss.resteasy.resteasy_jaxrs.i18n] (ServerService Thread Pool -- 51) RESTEASY002220: Adding singleton resource org.keycloak.services.resources.ServerVersionResource from Application class org.keycloak.services.resources.KeycloakApplication
2017-01-29 03:14:31,204 INFO  [org.jboss.resteasy.resteasy_jaxrs.i18n] (ServerService Thread Pool -- 51) RESTEASY002220: Adding singleton resource org.keycloak.services.resources.admin.AdminRoot from Application class org.keycloak.services.resources.KeycloakApplication
2017-01-29 03:14:31,205 INFO  [org.jboss.resteasy.resteasy_jaxrs.i18n] (ServerService Thread Pool -- 51) RESTEASY002210: Adding provider singleton org.keycloak.services.util.ObjectMapperResolver from Application class org.keycloak.services.resources.KeycloakApplication
2017-01-29 03:14:31,206 INFO  [org.jboss.resteasy.resteasy_jaxrs.i18n] (ServerService Thread Pool -- 51) RESTEASY002220: Adding singleton resource org.keycloak.services.resources.WelcomeResource from Application class org.keycloak.services.resources.KeycloakApplication
2017-01-29 03:14:31,287 INFO  [org.wildfly.extension.undertow] (ServerService Thread Pool -- 51) WFLYUT0021: Registered web context: /auth
2017-01-29 03:14:31,331 INFO  [org.jboss.as.server] (ServerService Thread Pool -- 47) WFLYSRV0010: Deployed "keycloak-server.war" (runtime-name : "keycloak-server.war")
2017-01-29 03:14:31,472 INFO  [org.jboss.as] (Controller Boot Thread) WFLYSRV0060: Http management interface listening on http://127.0.0.1:9990/management
2017-01-29 03:14:31,473 INFO  [org.jboss.as] (Controller Boot Thread) WFLYSRV0051: Admin console listening on http://127.0.0.1:9990
2017-01-29 03:14:31,474 INFO  [org.jboss.as] (Controller Boot Thread) WFLYSRV0025: Keycloak 2.5.1.Final (WildFly Core 2.0.10.Final) started in 14550ms - Started 426 of 800 services (542 services are lazy, passive or on-demand)
2017-01-29 03:23:07,469 INFO  [org.keycloak.storage.ldap.LDAPIdentityStoreRegistry] (default task-13) Creating new LDAP Store for the LDAP storage provider: 'ldap', LDAP Configuration: {fullSyncPeriod=[-1], pagination=[true], debug=[false], searchScope=[1], useTruststoreSpi=[ldapsOnly], usersDn=[dc=a,dc=com], connectionPooling=[true], cachePolicy=[DEFAULT], useKerberosForPasswordAuthentication=[false], priority=[0], userObjectClasses=[inetOrgPerson, organizationalPerson], changedSyncPeriod=[-1], usernameLDAPAttribute=[uid], bindDn=[cn=admin,dc=a,dc=com], rdnLDAPAttribute=[uid], vendor=[other], uuidLDAPAttribute=[entryUUID], connectionUrl=[ldap://ldap-tenant-a], allowKerberosAuthentication=[false], syncRegistrations=[false], authType=[simple], batchSizeForSync=[1000]}, binaryAttributes: []
2017-01-29 03:30:40,835 ERROR [org.jboss.resteasy.resteasy_jaxrs.i18n] (default task-22) RESTEASY002010: Failed to execute: javax.ws.rs.NotFoundException: RESTEASY003210: Could not find resource for full path: http://localhost:8081/auth/Tenant%20A
	at org.jboss.resteasy.core.registry.SegmentNode.match(SegmentNode.java:114)
	at org.jboss.resteasy.core.registry.RootNode.match(RootNode.java:43)
	at org.jboss.resteasy.core.registry.RootClassNode.match(RootClassNode.java:48)
	at org.jboss.resteasy.core.ResourceMethodRegistry.getResourceInvoker(ResourceMethodRegistry.java:445)
	at org.jboss.resteasy.core.SynchronousDispatcher.getInvoker(SynchronousDispatcher.java:257)
	at org.jboss.resteasy.core.SynchronousDispatcher.invoke(SynchronousDispatcher.java:194)
	at org.jboss.resteasy.plugins.server.servlet.ServletContainerDispatcher.service(ServletContainerDispatcher.java:221)
	at org.jboss.resteasy.plugins.server.servlet.HttpServletDispatcher.service(HttpServletDispatcher.java:56)
	at org.jboss.resteasy.plugins.server.servlet.HttpServletDispatcher.service(HttpServletDispatcher.java:51)
	at javax.servlet.http.HttpServlet.service(HttpServlet.java:790)
	at io.undertow.servlet.handlers.ServletHandler.handleRequest(ServletHandler.java:85)
	at io.undertow.servlet.handlers.FilterHandler$FilterChainImpl.doFilter(FilterHandler.java:129)
	at org.keycloak.services.filters.KeycloakSessionServletFilter.doFilter(KeycloakSessionServletFilter.java:90)
	at io.undertow.servlet.core.ManagedFilter.doFilter(ManagedFilter.java:60)
	at io.undertow.servlet.handlers.FilterHandler$FilterChainImpl.doFilter(FilterHandler.java:131)
	at io.undertow.servlet.handlers.FilterHandler.handleRequest(FilterHandler.java:84)
	at io.undertow.servlet.handlers.security.ServletSecurityRoleHandler.handleRequest(ServletSecurityRoleHandler.java:62)
	at io.undertow.servlet.handlers.ServletDispatchingHandler.handleRequest(ServletDispatchingHandler.java:36)
	at org.wildfly.extension.undertow.security.SecurityContextAssociationHandler.handleRequest(SecurityContextAssociationHandler.java:78)
	at io.undertow.server.handlers.PredicateHandler.handleRequest(PredicateHandler.java:43)
	at io.undertow.servlet.handlers.security.SSLInformationAssociationHandler.handleRequest(SSLInformationAssociationHandler.java:131)
	at io.undertow.servlet.handlers.security.ServletAuthenticationCallHandler.handleRequest(ServletAuthenticationCallHandler.java:57)
	at io.undertow.server.handlers.PredicateHandler.handleRequest(PredicateHandler.java:43)
	at io.undertow.security.handlers.AbstractConfidentialityHandler.handleRequest(AbstractConfidentialityHandler.java:46)
	at io.undertow.servlet.handlers.security.ServletConfidentialityConstraintHandler.handleRequest(ServletConfidentialityConstraintHandler.java:64)
	at io.undertow.security.handlers.AuthenticationMechanismsHandler.handleRequest(AuthenticationMechanismsHandler.java:60)
	at io.undertow.servlet.handlers.security.CachedAuthenticatedSessionHandler.handleRequest(CachedAuthenticatedSessionHandler.java:77)
	at io.undertow.security.handlers.NotificationReceiverHandler.handleRequest(NotificationReceiverHandler.java:50)
	at io.undertow.security.handlers.AbstractSecurityContextAssociationHandler.handleRequest(AbstractSecurityContextAssociationHandler.java:43)
	at io.undertow.server.handlers.PredicateHandler.handleRequest(PredicateHandler.java:43)
	at org.wildfly.extension.undertow.security.jacc.JACCContextIdHandler.handleRequest(JACCContextIdHandler.java:61)
	at io.undertow.server.handlers.PredicateHandler.handleRequest(PredicateHandler.java:43)
	at io.undertow.server.handlers.PredicateHandler.handleRequest(PredicateHandler.java:43)
	at io.undertow.servlet.handlers.ServletInitialHandler.handleFirstRequest(ServletInitialHandler.java:284)
	at io.undertow.servlet.handlers.ServletInitialHandler.dispatchRequest(ServletInitialHandler.java:263)
	at io.undertow.servlet.handlers.ServletInitialHandler.access$000(ServletInitialHandler.java:81)
	at io.undertow.servlet.handlers.ServletInitialHandler$1.handleRequest(ServletInitialHandler.java:174)
	at io.undertow.server.Connectors.executeRootHandler(Connectors.java:202)
	at io.undertow.server.HttpServerExchange$1.run(HttpServerExchange.java:793)
	at java.util.concurrent.ThreadPoolExecutor.runWorker(ThreadPoolExecutor.java:1142)
	at java.util.concurrent.ThreadPoolExecutor$Worker.run(ThreadPoolExecutor.java:617)
	at java.lang.Thread.run(Thread.java:745)

2017-01-29 03:30:49,209 ERROR [org.jboss.resteasy.resteasy_jaxrs.i18n] (default task-23) RESTEASY002010: Failed to execute: javax.ws.rs.NotFoundException: RESTEASY003210: Could not find resource for full path: http://localhost:8081/auth/tenant%20a
	at org.jboss.resteasy.core.registry.SegmentNode.match(SegmentNode.java:114)
	at org.jboss.resteasy.core.registry.RootNode.match(RootNode.java:43)
	at org.jboss.resteasy.core.registry.RootClassNode.match(RootClassNode.java:48)
	at org.jboss.resteasy.core.ResourceMethodRegistry.getResourceInvoker(ResourceMethodRegistry.java:445)
	at org.jboss.resteasy.core.SynchronousDispatcher.getInvoker(SynchronousDispatcher.java:257)
	at org.jboss.resteasy.core.SynchronousDispatcher.invoke(SynchronousDispatcher.java:194)
	at org.jboss.resteasy.plugins.server.servlet.ServletContainerDispatcher.service(ServletContainerDispatcher.java:221)
	at org.jboss.resteasy.plugins.server.servlet.HttpServletDispatcher.service(HttpServletDispatcher.java:56)
	at org.jboss.resteasy.plugins.server.servlet.HttpServletDispatcher.service(HttpServletDispatcher.java:51)
	at javax.servlet.http.HttpServlet.service(HttpServlet.java:790)
	at io.undertow.servlet.handlers.ServletHandler.handleRequest(ServletHandler.java:85)
	at io.undertow.servlet.handlers.FilterHandler$FilterChainImpl.doFilter(FilterHandler.java:129)
	at org.keycloak.services.filters.KeycloakSessionServletFilter.doFilter(KeycloakSessionServletFilter.java:90)
	at io.undertow.servlet.core.ManagedFilter.doFilter(ManagedFilter.java:60)
	at io.undertow.servlet.handlers.FilterHandler$FilterChainImpl.doFilter(FilterHandler.java:131)
	at io.undertow.servlet.handlers.FilterHandler.handleRequest(FilterHandler.java:84)
	at io.undertow.servlet.handlers.security.ServletSecurityRoleHandler.handleRequest(ServletSecurityRoleHandler.java:62)
	at io.undertow.servlet.handlers.ServletDispatchingHandler.handleRequest(ServletDispatchingHandler.java:36)
	at org.wildfly.extension.undertow.security.SecurityContextAssociationHandler.handleRequest(SecurityContextAssociationHandler.java:78)
	at io.undertow.server.handlers.PredicateHandler.handleRequest(PredicateHandler.java:43)
	at io.undertow.servlet.handlers.security.SSLInformationAssociationHandler.handleRequest(SSLInformationAssociationHandler.java:131)
	at io.undertow.servlet.handlers.security.ServletAuthenticationCallHandler.handleRequest(ServletAuthenticationCallHandler.java:57)
	at io.undertow.server.handlers.PredicateHandler.handleRequest(PredicateHandler.java:43)
	at io.undertow.security.handlers.AbstractConfidentialityHandler.handleRequest(AbstractConfidentialityHandler.java:46)
	at io.undertow.servlet.handlers.security.ServletConfidentialityConstraintHandler.handleRequest(ServletConfidentialityConstraintHandler.java:64)
	at io.undertow.security.handlers.AuthenticationMechanismsHandler.handleRequest(AuthenticationMechanismsHandler.java:60)
	at io.undertow.servlet.handlers.security.CachedAuthenticatedSessionHandler.handleRequest(CachedAuthenticatedSessionHandler.java:77)
	at io.undertow.security.handlers.NotificationReceiverHandler.handleRequest(NotificationReceiverHandler.java:50)
	at io.undertow.security.handlers.AbstractSecurityContextAssociationHandler.handleRequest(AbstractSecurityContextAssociationHandler.java:43)
	at io.undertow.server.handlers.PredicateHandler.handleRequest(PredicateHandler.java:43)
	at org.wildfly.extension.undertow.security.jacc.JACCContextIdHandler.handleRequest(JACCContextIdHandler.java:61)
	at io.undertow.server.handlers.PredicateHandler.handleRequest(PredicateHandler.java:43)
	at io.undertow.server.handlers.PredicateHandler.handleRequest(PredicateHandler.java:43)
	at io.undertow.servlet.handlers.ServletInitialHandler.handleFirstRequest(ServletInitialHandler.java:284)
	at io.undertow.servlet.handlers.ServletInitialHandler.dispatchRequest(ServletInitialHandler.java:263)
	at io.undertow.servlet.handlers.ServletInitialHandler.access$000(ServletInitialHandler.java:81)
	at io.undertow.servlet.handlers.ServletInitialHandler$1.handleRequest(ServletInitialHandler.java:174)
	at io.undertow.server.Connectors.executeRootHandler(Connectors.java:202)
	at io.undertow.server.HttpServerExchange$1.run(HttpServerExchange.java:793)
	at java.util.concurrent.ThreadPoolExecutor.runWorker(ThreadPoolExecutor.java:1142)
	at java.util.concurrent.ThreadPoolExecutor$Worker.run(ThreadPoolExecutor.java:617)
	at java.lang.Thread.run(Thread.java:745)

2017-01-29 03:32:52,653 WARN  [org.keycloak.events] (default task-41) type=LOGIN_ERROR, realmId=Tenant A, clientId=account, userId=8e49f072-f405-423c-a6b1-b66c9a8ccab2, ipAddress=172.19.0.1, error=invalid_user_credentials, auth_method=openid-connect, auth_type=code, redirect_uri='http://localhost:8081/auth/realms/Tenant A/account/login-redirect', code_id=c1490bc5-b0a7-4887-8ba7-c615f9f4561c, username=jane
2017-01-29 03:32:55,841 WARN  [org.keycloak.events] (default task-39) type=LOGIN_ERROR, realmId=Tenant A, clientId=account, userId=8e49f072-f405-423c-a6b1-b66c9a8ccab2, ipAddress=172.19.0.1, error=invalid_user_credentials, auth_method=openid-connect, auth_type=code, redirect_uri='http://localhost:8081/auth/realms/Tenant A/account/login-redirect', code_id=c1490bc5-b0a7-4887-8ba7-c615f9f4561c, username=jane
2017-01-29 03:33:02,011 WARN  [org.keycloak.events] (default task-42) type=LOGIN_ERROR, realmId=Tenant A, clientId=account, userId=null, ipAddress=172.19.0.1, error=user_not_found, auth_method=openid-connect, auth_type=code, redirect_uri='http://localhost:8081/auth/realms/Tenant A/account/login-redirect', code_id=c1490bc5-b0a7-4887-8ba7-c615f9f4561c, username=admin
2017-01-29 03:38:02,544 WARN  [org.keycloak.events] (default task-35) type=UPDATE_PASSWORD_ERROR, realmId=Tenant A, clientId=account, userId=8e49f072-f405-423c-a6b1-b66c9a8ccab2, ipAddress=172.19.0.1, error=invalid_user_credentials
2017-01-29 03:40:40,879 ERROR [org.jboss.resteasy.resteasy_jaxrs.i18n] (default task-33) RESTEASY002010: Failed to execute: javax.ws.rs.NotFoundException: RESTEASY003210: Could not find resource for full path: http://localhost:8081/auth/tenant%20a
	at org.jboss.resteasy.core.registry.SegmentNode.match(SegmentNode.java:114)
	at org.jboss.resteasy.core.registry.RootNode.match(RootNode.java:43)
	at org.jboss.resteasy.core.registry.RootClassNode.match(RootClassNode.java:48)
	at org.jboss.resteasy.core.ResourceMethodRegistry.getResourceInvoker(ResourceMethodRegistry.java:445)
	at org.jboss.resteasy.core.SynchronousDispatcher.getInvoker(SynchronousDispatcher.java:257)
	at org.jboss.resteasy.core.SynchronousDispatcher.invoke(SynchronousDispatcher.java:194)
	at org.jboss.resteasy.plugins.server.servlet.ServletContainerDispatcher.service(ServletContainerDispatcher.java:221)
	at org.jboss.resteasy.plugins.server.servlet.HttpServletDispatcher.service(HttpServletDispatcher.java:56)
	at org.jboss.resteasy.plugins.server.servlet.HttpServletDispatcher.service(HttpServletDispatcher.java:51)
	at javax.servlet.http.HttpServlet.service(HttpServlet.java:790)
	at io.undertow.servlet.handlers.ServletHandler.handleRequest(ServletHandler.java:85)
	at io.undertow.servlet.handlers.FilterHandler$FilterChainImpl.doFilter(FilterHandler.java:129)
	at org.keycloak.services.filters.KeycloakSessionServletFilter.doFilter(KeycloakSessionServletFilter.java:90)
	at io.undertow.servlet.core.ManagedFilter.doFilter(ManagedFilter.java:60)
	at io.undertow.servlet.handlers.FilterHandler$FilterChainImpl.doFilter(FilterHandler.java:131)
	at io.undertow.servlet.handlers.FilterHandler.handleRequest(FilterHandler.java:84)
	at io.undertow.servlet.handlers.security.ServletSecurityRoleHandler.handleRequest(ServletSecurityRoleHandler.java:62)
	at io.undertow.servlet.handlers.ServletDispatchingHandler.handleRequest(ServletDispatchingHandler.java:36)
	at org.wildfly.extension.undertow.security.SecurityContextAssociationHandler.handleRequest(SecurityContextAssociationHandler.java:78)
	at io.undertow.server.handlers.PredicateHandler.handleRequest(PredicateHandler.java:43)
	at io.undertow.servlet.handlers.security.SSLInformationAssociationHandler.handleRequest(SSLInformationAssociationHandler.java:131)
	at io.undertow.servlet.handlers.security.ServletAuthenticationCallHandler.handleRequest(ServletAuthenticationCallHandler.java:57)
	at io.undertow.server.handlers.PredicateHandler.handleRequest(PredicateHandler.java:43)
	at io.undertow.security.handlers.AbstractConfidentialityHandler.handleRequest(AbstractConfidentialityHandler.java:46)
	at io.undertow.servlet.handlers.security.ServletConfidentialityConstraintHandler.handleRequest(ServletConfidentialityConstraintHandler.java:64)
	at io.undertow.security.handlers.AuthenticationMechanismsHandler.handleRequest(AuthenticationMechanismsHandler.java:60)
	at io.undertow.servlet.handlers.security.CachedAuthenticatedSessionHandler.handleRequest(CachedAuthenticatedSessionHandler.java:77)
	at io.undertow.security.handlers.NotificationReceiverHandler.handleRequest(NotificationReceiverHandler.java:50)
	at io.undertow.security.handlers.AbstractSecurityContextAssociationHandler.handleRequest(AbstractSecurityContextAssociationHandler.java:43)
	at io.undertow.server.handlers.PredicateHandler.handleRequest(PredicateHandler.java:43)
	at org.wildfly.extension.undertow.security.jacc.JACCContextIdHandler.handleRequest(JACCContextIdHandler.java:61)
	at io.undertow.server.handlers.PredicateHandler.handleRequest(PredicateHandler.java:43)
	at io.undertow.server.handlers.PredicateHandler.handleRequest(PredicateHandler.java:43)
	at io.undertow.servlet.handlers.ServletInitialHandler.handleFirstRequest(ServletInitialHandler.java:284)
	at io.undertow.servlet.handlers.ServletInitialHandler.dispatchRequest(ServletInitialHandler.java:263)
	at io.undertow.servlet.handlers.ServletInitialHandler.access$000(ServletInitialHandler.java:81)
	at io.undertow.servlet.handlers.ServletInitialHandler$1.handleRequest(ServletInitialHandler.java:174)
	at io.undertow.server.Connectors.executeRootHandler(Connectors.java:202)
	at io.undertow.server.HttpServerExchange$1.run(HttpServerExchange.java:793)
	at java.util.concurrent.ThreadPoolExecutor.runWorker(ThreadPoolExecutor.java:1142)
	at java.util.concurrent.ThreadPoolExecutor$Worker.run(ThreadPoolExecutor.java:617)
	at java.lang.Thread.run(Thread.java:745)

